<?xml version="1.0" encoding="UTF-8"?>
<!-- Generated by org.testng.reporters.JUnitXMLReporter -->
<testsuite ignored="0" hostname="DESKTOP-TIJCAM4" failures="0" tests="3" name="Default test" time="6.166" errors="0" timestamp="2024-05-04T20:00:12 IST">
  <testcase classname="files.DynamicJson" name="addBook" time="5.159"/>
  <testcase classname="files.DynamicJson" name="addBook" time="0.411"/>
  <testcase classname="files.DynamicJson" name="addBook" time="0.481"/>
</testsuite> <!-- Default test -->
