<?xml version="1.0" encoding="UTF-8"?>
<testng-results ignored="0" total="3" passed="3" failed="0" skipped="0">
  <reporter-output>
  </reporter-output>
  <suite started-at="2024-05-04T20:00:06 IST" name="Default suite" finished-at="2024-05-04T20:00:12 IST" duration-ms="6166">
    <groups>
    </groups>
    <test started-at="2024-05-04T20:00:06 IST" name="Default test" finished-at="2024-05-04T20:00:12 IST" duration-ms="6166">
      <class name="files.DynamicJson">
        <test-method signature="addBook(java.lang.String,java.lang.String)[pri:0, instance:files.DynamicJson@5223e5ee]" started-at="2024-05-04T20:00:06 IST" name="addBook" data-provider="BooksData" finished-at="2024-05-04T20:00:11 IST" duration-ms="5159" status="PASS">
          <params>
            <param index="0">
              <value>
                <![CDATA[qzw]]>
              </value>
            </param>
            <param index="1">
              <value>
                <![CDATA[969]]>
              </value>
            </param>
          </params>
          <reporter-output>
          </reporter-output>
        </test-method> <!-- addBook -->
        <test-method signature="addBook(java.lang.String,java.lang.String)[pri:0, instance:files.DynamicJson@5223e5ee]" started-at="2024-05-04T20:00:11 IST" name="addBook" data-provider="BooksData" finished-at="2024-05-04T20:00:12 IST" duration-ms="411" status="PASS">
          <params>
            <param index="0">
              <value>
                <![CDATA[sed]]>
              </value>
            </param>
            <param index="1">
              <value>
                <![CDATA[745]]>
              </value>
            </param>
          </params>
          <reporter-output>
          </reporter-output>
        </test-method> <!-- addBook -->
        <test-method signature="addBook(java.lang.String,java.lang.String)[pri:0, instance:files.DynamicJson@5223e5ee]" started-at="2024-05-04T20:00:12 IST" name="addBook" data-provider="BooksData" finished-at="2024-05-04T20:00:12 IST" duration-ms="481" status="PASS">
          <params>
            <param index="0">
              <value>
                <![CDATA[okn]]>
              </value>
            </param>
            <param index="1">
              <value>
                <![CDATA[314]]>
              </value>
            </param>
          </params>
          <reporter-output>
          </reporter-output>
        </test-method> <!-- addBook -->
      </class> <!-- files.DynamicJson -->
    </test> <!-- Default test -->
  </suite> <!-- Default suite -->
</testng-results>
